Compilación iniciada a las 20/12/2018 14:18:51.
     1>Proyecto "c:\Users\EPS\documents\visual studio 2012\Projects\practica2\practica2\practica2.vcxproj" en el nodo 2 (Build destinos).
     1>AddCudaCompileDeps:
         C:\Program Files (x86)\Microsoft Visual Studio 11.0\VC\bin\x86_amd64\cl.exe /E /nologo /showIncludes /TP /D__CUDACC__ /DWIN32 /DWIN64 /D_DEBUG /D_CONSOLE /D_MBCS /I"C:\Program Files\NVIDIA GPU Computing Toolkit\CUDA\v9.2\include" /I"C:\Program Files\NVIDIA GPU Computing Toolkit\CUDA\v9.2\bin" /I"C:\Program Files\NVIDIA GPU Computing Toolkit\CUDA\v9.2\include" /I. /FIcuda_runtime.h /c "c:\Users\EPS\documents\visual studio 2012\Projects\practica2\practica2\median.cu" 
     1>El proyecto "c:\Users\EPS\documents\visual studio 2012\Projects\practica2\practica2\practica2.vcxproj" (1) está compilando "c:\Users\EPS\documents\visual studio 2012\Projects\practica2\practica2\practica2.vcxproj" (1:2) en el nodo 2 (CudaBuildCore destinos).
     1>CudaBuildCore:
         Compiling CUDA source file median.cu...
         cmd.exe /C "C:\Users\EPS\AppData\Local\Temp\tmpdd2a67b2d18e4da298f1828aa1c18c84.cmd"
         "C:\Program Files\NVIDIA GPU Computing Toolkit\CUDA\v9.2\bin\nvcc.exe" -gencode=arch=compute_30,code=\"sm_30,compute_30\" --use-local-env -ccbin "C:\Program Files (x86)\Microsoft Visual Studio 11.0\VC\bin\x86_amd64" -x cu  -I"C:\Program Files\NVIDIA GPU Computing Toolkit\CUDA\v9.2\include" -I"C:\Program Files\NVIDIA GPU Computing Toolkit\CUDA\v9.2\include"  -G   --keep-dir x64\Debug -maxrregcount=0  --machine 64 --compile -cudart static  -g   -DWIN32 -DWIN64 -D_DEBUG -D_CONSOLE -D_MBCS -Xcompiler "/EHsc /W3 /nologo /Od  /Zi /RTC1 /MDd " -o x64\Debug\median.cu.obj "c:\Users\EPS\documents\visual studio 2012\Projects\practica2\practica2\median.cu"
         
         c:\Users\EPS\documents\visual studio 2012\Projects\practica2\practica2>"C:\Program Files\NVIDIA GPU Computing Toolkit\CUDA\v9.2\bin\nvcc.exe" -gencode=arch=compute_30,code=\"sm_30,compute_30\" --use-local-env -ccbin "C:\Program Files (x86)\Microsoft Visual Studio 11.0\VC\bin\x86_amd64" -x cu  -I"C:\Program Files\NVIDIA GPU Computing Toolkit\CUDA\v9.2\include" -I"C:\Program Files\NVIDIA GPU Computing Toolkit\CUDA\v9.2\include"  -G   --keep-dir x64\Debug -maxrregcount=0  --machine 64 --compile -cudart static  -g   -DWIN32 -DWIN64 -D_DEBUG -D_CONSOLE -D_MBCS -Xcompiler "/EHsc /W3 /nologo /Od  /Zi /RTC1 /MDd " -o x64\Debug\median.cu.obj "c:\Users\EPS\documents\visual studio 2012\Projects\practica2\practica2\median.cu" 
     1>c:/Users/EPS/documents/visual studio 2012/Projects/practica2/practica2/median.cu(134): warning : variable "numcols" was declared but never referenced
     1>c:/Users/EPS/documents/visual studio 2012/Projects/practica2/practica2/median.cu(262): warning : variable "d_edge" was declared but never referenced
     1>c:/Users/EPS/documents/visual studio 2012/Projects/practica2/practica2/median.cu(262): warning : variable "tmp" was declared but never referenced
     1>c:/Users/EPS/documents/visual studio 2012/Projects/practica2/practica2/median.cu(266): warning : variable "rows" was declared but never referenced
     1>c:/Users/EPS/documents/visual studio 2012/Projects/practica2/practica2/median.cu(267): warning : variable "cols" was declared but never referenced
     1>c:/Users/EPS/documents/visual studio 2012/Projects/practica2/practica2/median.cu(354): warning : variable "idx" was declared but never referenced
     1>c:/Users/EPS/documents/visual studio 2012/Projects/practica2/practica2/median.cu(354): warning : variable "idx_south" was declared but never referenced
     1>c:/Users/EPS/documents/visual studio 2012/Projects/practica2/practica2/median.cu(354): warning : variable "idx_north" was declared but never referenced
     1>c:/Users/EPS/documents/visual studio 2012/Projects/practica2/practica2/median.cu(354): warning : variable "idx_west" was declared but never referenced
     1>c:/Users/EPS/documents/visual studio 2012/Projects/practica2/practica2/median.cu(354): warning : variable "idx_east" was declared but never referenced
     1>c:/Users/EPS/documents/visual studio 2012/Projects/practica2/practica2/median.cu(354): warning : variable "idx_north_west" was declared but never referenced
     1>c:/Users/EPS/documents/visual studio 2012/Projects/practica2/practica2/median.cu(354): warning : variable "idx_north_east" was declared but never referenced
     1>c:/Users/EPS/documents/visual studio 2012/Projects/practica2/practica2/median.cu(354): warning : variable "idx_south_east" was declared but never referenced
     1>c:/Users/EPS/documents/visual studio 2012/Projects/practica2/practica2/median.cu(354): warning : variable "idx_south_west" was declared but never referenced
     1>c:/Users/EPS/documents/visual studio 2012/Projects/practica2/practica2/median.cu(355): warning : variable "numcols" was declared but never referenced
         median.cu
     1>c:/Users/EPS/documents/visual studio 2012/Projects/practica2/practica2/median.cu(267): warning C4101: 'cols' : variable local sin referencia
     1>c:/Users/EPS/documents/visual studio 2012/Projects/practica2/practica2/median.cu(354): warning C4101: 'idx_south_east' : variable local sin referencia
     1>c:/Users/EPS/documents/visual studio 2012/Projects/practica2/practica2/median.cu(354): warning C4101: 'idx_north_west' : variable local sin referencia
     1>c:/Users/EPS/documents/visual studio 2012/Projects/practica2/practica2/median.cu(354): warning C4101: 'idx_south' : variable local sin referencia
     1>c:/Users/EPS/documents/visual studio 2012/Projects/practica2/practica2/median.cu(354): warning C4101: 'idx_north' : variable local sin referencia
     1>c:/Users/EPS/documents/visual studio 2012/Projects/practica2/practica2/median.cu(266): warning C4101: 'rows' : variable local sin referencia
     1>c:/Users/EPS/documents/visual studio 2012/Projects/practica2/practica2/median.cu(354): warning C4101: 'idx' : variable local sin referencia
     1>c:/Users/EPS/documents/visual studio 2012/Projects/practica2/practica2/median.cu(262): warning C4101: 'tmp' : variable local sin referencia
     1>c:/Users/EPS/documents/visual studio 2012/Projects/practica2/practica2/median.cu(354): warning C4101: 'idx_west' : variable local sin referencia
     1>c:/Users/EPS/documents/visual studio 2012/Projects/practica2/practica2/median.cu(354): warning C4101: 'idx_north_east' : variable local sin referencia
     1>c:/Users/EPS/documents/visual studio 2012/Projects/practica2/practica2/median.cu(354): warning C4101: 'idx_east' : variable local sin referencia
     1>c:/Users/EPS/documents/visual studio 2012/Projects/practica2/practica2/median.cu(354): warning C4101: 'idx_south_west' : variable local sin referencia
     1>c:/Users/EPS/documents/visual studio 2012/Projects/practica2/practica2/median.cu(262): warning C4101: 'd_edge' : variable local sin referencia
     1>Compilación del proyecto terminada "c:\Users\EPS\documents\visual studio 2012\Projects\practica2\practica2\practica2.vcxproj" (CudaBuildCore destinos).
     1>Link:
         C:\Program Files (x86)\Microsoft Visual Studio 11.0\VC\bin\x86_amd64\link.exe /ERRORREPORT:PROMPT /OUT:"c:\users\eps\documents\visual studio 2012\Projects\practica2\x64\Debug\practica2.exe" /INCREMENTAL /NOLOGO /LIBPATH:"C:\Program Files\NVIDIA GPU Computing Toolkit\CUDA\v9.2\lib\x64" cudart_static.lib kernel32.lib user32.lib gdi32.lib winspool.lib comdlg32.lib advapi32.lib shell32.lib ole32.lib oleaut32.lib uuid.lib odbc32.lib odbccp32.lib kernel32.lib user32.lib gdi32.lib winspool.lib comdlg32.lib advapi32.lib shell32.lib ole32.lib oleaut32.lib uuid.lib odbc32.lib odbccp32.lib /MANIFEST /MANIFESTUAC:"level='asInvoker' uiAccess='false'" /manifest:embed /DEBUG /PDB:"c:\users\eps\documents\visual studio 2012\Projects\practica2\x64\Debug\practica2.pdb" /SUBSYSTEM:CONSOLE /TLBID:1 /DYNAMICBASE /NXCOMPAT /IMPLIB:"c:\users\eps\documents\visual studio 2012\Projects\practica2\x64\Debug\practica2.lib" /MACHINE:X64 x64\Debug\median.cu.obj
         x64\Debug\EasyBMP.obj
         practica2.vcxproj -> c:\users\eps\documents\visual studio 2012\Projects\practica2\x64\Debug\practica2.exe
     1>Compilación del proyecto terminada "c:\Users\EPS\documents\visual studio 2012\Projects\practica2\practica2\practica2.vcxproj" (Build destinos).

Compilación correcta.

Tiempo transcurrido 00:00:05.92
